build/app/intermediates/manifest_merge_blame_file/release/manifest-merger-blame-release-report.txt
1<?xml version="1.0" encoding="utf-8"?>
2<manifest xmlns:android="http://schemas.android.com/apk/res/android"
3    package="com.hastter.daytte"
4    android:versionCode="1"
5    android:versionName="1.0.0" >
6
7    <uses-sdk
8        android:minSdkVersion="20"
8-->src\main\AndroidManifest.xml
9        android:targetSdkVersion="31" />
9-->src\main\AndroidManifest.xml
10
11    <uses-permission android:name="android.permission.INTERNET" />
11-->src\main\AndroidManifest.xml:3:5-67
11-->src\main\AndroidManifest.xml:3:22-64
12    <uses-permission android:name="android.permission.CAMERA" />
12-->src\main\AndroidManifest.xml:4:5-64
12-->src\main\AndroidManifest.xml:4:22-62
13    <uses-permission android:name="android.permission.ACCESS_COARSE_LOCATION" />
13-->src\main\AndroidManifest.xml:5:6-81
13-->src\main\AndroidManifest.xml:5:23-79
14    <uses-permission android:name="android.permission.ACCESS_FINE_LOCATION" />
14-->src\main\AndroidManifest.xml:6:5-78
14-->src\main\AndroidManifest.xml:6:22-76
15    <uses-permission android:name="android.permission.ACCESS_BACKGROUND_LOCATION" />
15-->src\main\AndroidManifest.xml:7:5-85
15-->src\main\AndroidManifest.xml:7:22-82
16    <uses-permission android:name="android.permission.WAKE_LOCK" />
16-->[:firebase_messaging] AndroidManifest.xml:8:5-68
16-->[:firebase_messaging] AndroidManifest.xml:8:22-65
17    <uses-permission android:name="android.permission.ACCESS_NETWORK_STATE" /> <!-- Required by older versions of Google Play services to create IID tokens -->
17-->[:firebase_messaging] AndroidManifest.xml:9:5-79
17-->[:firebase_messaging] AndroidManifest.xml:9:22-76
18    <uses-permission android:name="com.google.android.c2dm.permission.RECEIVE" />
18-->[com.google.firebase:firebase-messaging:23.0.0] AndroidManifest.xml:25:5-82
18-->[com.google.firebase:firebase-messaging:23.0.0] AndroidManifest.xml:25:22-79
19
20    <application
20-->src\main\AndroidManifest.xml:8:4-48:19
21        android:allowBackup="false"
21-->src\main\AndroidManifest.xml:11:8-35
22        android:appComponentFactory="androidx.core.app.CoreComponentFactory"
22-->[androidx.core:core:1.6.0] AndroidManifest.xml:24:18-86
23        android:icon="@mipmap/ic_launcher"
23-->src\main\AndroidManifest.xml:10:8-42
24        android:label="Wooly"
24-->src\main\AndroidManifest.xml:12:8-29
25        android:usesCleartextTraffic="true" >
25-->src\main\AndroidManifest.xml:13:8-43
26        <activity
26-->src\main\AndroidManifest.xml:14:8-42:20
27            android:name="com.hastter.daytte.MainActivity"
27-->src\main\AndroidManifest.xml:15:12-40
28            android:configChanges="orientation|keyboardHidden|keyboard|screenSize|smallestScreenSize|locale|layoutDirection|fontScale|screenLayout|density|uiMode"
28-->src\main\AndroidManifest.xml:18:12-162
29            android:hardwareAccelerated="true"
29-->src\main\AndroidManifest.xml:19:12-46
30            android:launchMode="singleTop"
30-->src\main\AndroidManifest.xml:16:12-42
31            android:theme="@style/LaunchTheme"
31-->src\main\AndroidManifest.xml:17:12-46
32            android:windowSoftInputMode="adjustResize" >
32-->src\main\AndroidManifest.xml:20:12-54
33
34            <!--
35                Specifies an Android theme to apply to this Activity as soon as
36                the Android process has started. This theme is visible to the user
37                while the Flutter UI initializes. After that, this theme continues
38                to determine the Window background behind the Flutter UI.
39            -->
40            <meta-data
40-->src\main\AndroidManifest.xml:25:13-28:17
41                android:name="io.flutter.embedding.android.NormalTheme"
41-->src\main\AndroidManifest.xml:26:15-70
42                android:resource="@style/NormalTheme" />
42-->src\main\AndroidManifest.xml:27:15-52
43            <!--
44                 Displays an Android View that continues showing the launch screen
45                 Drawable until Flutter paints its first frame, then this splash
46                 screen fades out. A splash screen is useful to avoid any visual
47                 gap between the end of Android's launch screen and the painting of
48                 Flutter's first frame.
49            -->
50            <meta-data
50-->src\main\AndroidManifest.xml:34:13-37:17
51                android:name="io.flutter.embedding.android.SplashScreenDrawable"
51-->src\main\AndroidManifest.xml:35:15-79
52                android:resource="@drawable/launch_background" />
52-->src\main\AndroidManifest.xml:36:15-61
53
54            <intent-filter>
54-->src\main\AndroidManifest.xml:38:13-41:29
55                <action android:name="android.intent.action.MAIN" />
55-->src\main\AndroidManifest.xml:39:17-68
55-->src\main\AndroidManifest.xml:39:25-66
56
57                <category android:name="android.intent.category.LAUNCHER" />
57-->src\main\AndroidManifest.xml:40:17-76
57-->src\main\AndroidManifest.xml:40:27-74
58            </intent-filter>
59        </activity>
60        <!--
61             Don't delete the meta-data below.
62             This is used by the Flutter tool to generate GeneratedPluginRegistrant.java
63        -->
64        <meta-data
64-->src\main\AndroidManifest.xml:45:9-47:33
65            android:name="flutterEmbedding"
65-->src\main\AndroidManifest.xml:46:13-44
66            android:value="2" />
66-->src\main\AndroidManifest.xml:47:13-30
67
68        <service
68-->[:firebase_messaging] AndroidManifest.xml:12:9-15:72
69            android:name="io.flutter.plugins.firebase.messaging.FlutterFirebaseMessagingBackgroundService"
69-->[:firebase_messaging] AndroidManifest.xml:13:13-107
70            android:exported="false"
70-->[:firebase_messaging] AndroidManifest.xml:14:13-37
71            android:permission="android.permission.BIND_JOB_SERVICE" />
71-->[:firebase_messaging] AndroidManifest.xml:15:13-69
72        <service
72-->[:firebase_messaging] AndroidManifest.xml:16:9-22:19
73            android:name="io.flutter.plugins.firebase.messaging.FlutterFirebaseMessagingService"
73-->[:firebase_messaging] AndroidManifest.xml:17:13-97
74            android:exported="false" >
74-->[:firebase_messaging] AndroidManifest.xml:18:13-37
75            <intent-filter>
75-->[:firebase_messaging] AndroidManifest.xml:19:13-21:29
76                <action android:name="com.google.firebase.MESSAGING_EVENT" />
76-->[:firebase_messaging] AndroidManifest.xml:20:17-78
76-->[:firebase_messaging] AndroidManifest.xml:20:25-75
77            </intent-filter>
78        </service>
79
80        <receiver
80-->[:firebase_messaging] AndroidManifest.xml:24:9-31:20
81            android:name="io.flutter.plugins.firebase.messaging.FlutterFirebaseMessagingReceiver"
81-->[:firebase_messaging] AndroidManifest.xml:25:13-98
82            android:exported="true"
82-->[:firebase_messaging] AndroidManifest.xml:26:13-36
83            android:permission="com.google.android.c2dm.permission.SEND" >
83-->[:firebase_messaging] AndroidManifest.xml:27:13-73
84            <intent-filter>
84-->[:firebase_messaging] AndroidManifest.xml:28:13-30:29
85                <action android:name="com.google.android.c2dm.intent.RECEIVE" />
85-->[:firebase_messaging] AndroidManifest.xml:29:17-81
85-->[:firebase_messaging] AndroidManifest.xml:29:25-78
86            </intent-filter>
87        </receiver>
88
89        <service
89-->[:firebase_messaging] AndroidManifest.xml:33:9-37:19
90            android:name="com.google.firebase.components.ComponentDiscoveryService"
90-->[:firebase_messaging] AndroidManifest.xml:33:18-89
91            android:directBootAware="true"
91-->[com.google.firebase:firebase-common:20.0.0] AndroidManifest.xml:35:13-43
92            android:exported="false" >
92-->[com.google.firebase:firebase-messaging:23.0.0] AndroidManifest.xml:51:13-37
93            <meta-data
93-->[:firebase_messaging] AndroidManifest.xml:34:13-36:85
94                android:name="com.google.firebase.components:io.flutter.plugins.firebase.messaging.FlutterFirebaseAppRegistrar"
94-->[:firebase_messaging] AndroidManifest.xml:35:17-128
95                android:value="com.google.firebase.components.ComponentRegistrar" />
95-->[:firebase_messaging] AndroidManifest.xml:36:17-82
96            <meta-data
96-->[:firebase_core] AndroidManifest.xml:9:13-11:85
97                android:name="com.google.firebase.components:io.flutter.plugins.firebase.core.FlutterFirebaseCoreRegistrar"
97-->[:firebase_core] AndroidManifest.xml:10:17-124
98                android:value="com.google.firebase.components.ComponentRegistrar" />
98-->[:firebase_core] AndroidManifest.xml:11:17-82
99            <meta-data
99-->[com.google.firebase:firebase-messaging:23.0.0] AndroidManifest.xml:52:13-54:85
100                android:name="com.google.firebase.components:com.google.firebase.messaging.FirebaseMessagingRegistrar"
100-->[com.google.firebase:firebase-messaging:23.0.0] AndroidManifest.xml:53:17-119
101                android:value="com.google.firebase.components.ComponentRegistrar" />
101-->[com.google.firebase:firebase-messaging:23.0.0] AndroidManifest.xml:54:17-82
102            <meta-data
102-->[com.google.firebase:firebase-datatransport:18.0.0] AndroidManifest.xml:28:13-30:85
103                android:name="com.google.firebase.components:com.google.firebase.datatransport.TransportRegistrar"
103-->[com.google.firebase:firebase-datatransport:18.0.0] AndroidManifest.xml:29:17-115
104                android:value="com.google.firebase.components.ComponentRegistrar" />
104-->[com.google.firebase:firebase-datatransport:18.0.0] AndroidManifest.xml:30:17-82
105            <meta-data
105-->[com.google.firebase:firebase-installations:17.0.0] AndroidManifest.xml:18:13-20:85
106                android:name="com.google.firebase.components:com.google.firebase.installations.FirebaseInstallationsRegistrar"
106-->[com.google.firebase:firebase-installations:17.0.0] AndroidManifest.xml:19:17-127
107                android:value="com.google.firebase.components.ComponentRegistrar" />
107-->[com.google.firebase:firebase-installations:17.0.0] AndroidManifest.xml:20:17-82
108        </service>
109
110        <provider
110-->[:firebase_messaging] AndroidManifest.xml:39:9-43:38
111            android:name="io.flutter.plugins.firebase.messaging.FlutterFirebaseMessagingInitProvider"
111-->[:firebase_messaging] AndroidManifest.xml:40:13-102
112            android:authorities="com.hastter.daytte.flutterfirebasemessaginginitprovider"
112-->[:firebase_messaging] AndroidManifest.xml:41:13-88
113            android:exported="false"
113-->[:firebase_messaging] AndroidManifest.xml:42:13-37
114            android:initOrder="99" />
114-->[:firebase_messaging] AndroidManifest.xml:43:13-35
115        <provider
115-->[:image_picker] AndroidManifest.xml:8:9-16:20
116            android:name="io.flutter.plugins.imagepicker.ImagePickerFileProvider"
116-->[:image_picker] AndroidManifest.xml:9:13-82
117            android:authorities="com.hastter.daytte.flutter.image_provider"
117-->[:image_picker] AndroidManifest.xml:10:13-74
118            android:exported="false"
118-->[:image_picker] AndroidManifest.xml:11:13-37
119            android:grantUriPermissions="true" >
119-->[:image_picker] AndroidManifest.xml:12:13-47
120            <meta-data
120-->[:image_picker] AndroidManifest.xml:13:13-15:75
121                android:name="android.support.FILE_PROVIDER_PATHS"
121-->[:image_picker] AndroidManifest.xml:14:17-67
122                android:resource="@xml/flutter_image_picker_file_paths" />
122-->[:image_picker] AndroidManifest.xml:15:17-72
123        </provider>
124        <provider
124-->[:share] AndroidManifest.xml:8:9-16:20
125            android:name="io.flutter.plugins.share.ShareFileProvider"
125-->[:share] AndroidManifest.xml:9:13-70
126            android:authorities="com.hastter.daytte.flutter.share_provider"
126-->[:share] AndroidManifest.xml:10:13-74
127            android:exported="false"
127-->[:share] AndroidManifest.xml:11:13-37
128            android:grantUriPermissions="true" >
128-->[:share] AndroidManifest.xml:12:13-47
129            <meta-data
129-->[:image_picker] AndroidManifest.xml:13:13-15:75
130                android:name="android.support.FILE_PROVIDER_PATHS"
130-->[:image_picker] AndroidManifest.xml:14:17-67
131                android:resource="@xml/flutter_share_file_paths" />
131-->[:image_picker] AndroidManifest.xml:15:17-72
132        </provider>
133
134        <service
134-->[:location] AndroidManifest.xml:11:9-15:56
135            android:name="com.lyokone.location.FlutterLocationService"
135-->[:location] AndroidManifest.xml:12:13-71
136            android:enabled="true"
136-->[:location] AndroidManifest.xml:13:13-35
137            android:exported="false"
137-->[:location] AndroidManifest.xml:14:13-37
138            android:foregroundServiceType="location" />
138-->[:location] AndroidManifest.xml:15:13-53
139
140        <receiver
140-->[com.google.firebase:firebase-messaging:23.0.0] AndroidManifest.xml:28:9-35:20
141            android:name="com.google.firebase.iid.FirebaseInstanceIdReceiver"
141-->[com.google.firebase:firebase-messaging:23.0.0] AndroidManifest.xml:29:13-78
142            android:exported="true"
142-->[com.google.firebase:firebase-messaging:23.0.0] AndroidManifest.xml:30:13-36
143            android:permission="com.google.android.c2dm.permission.SEND" >
143-->[com.google.firebase:firebase-messaging:23.0.0] AndroidManifest.xml:31:13-73
144            <intent-filter>
144-->[:firebase_messaging] AndroidManifest.xml:28:13-30:29
145                <action android:name="com.google.android.c2dm.intent.RECEIVE" />
145-->[:firebase_messaging] AndroidManifest.xml:29:17-81
145-->[:firebase_messaging] AndroidManifest.xml:29:25-78
146            </intent-filter>
147        </receiver>
148        <!--
149             FirebaseMessagingService performs security checks at runtime,
150             but set to not exported to explicitly avoid allowing another app to call it.
151        -->
152        <service
152-->[com.google.firebase:firebase-messaging:23.0.0] AndroidManifest.xml:41:9-48:19
153            android:name="com.google.firebase.messaging.FirebaseMessagingService"
153-->[com.google.firebase:firebase-messaging:23.0.0] AndroidManifest.xml:42:13-82
154            android:directBootAware="true"
154-->[com.google.firebase:firebase-messaging:23.0.0] AndroidManifest.xml:43:13-43
155            android:exported="false" >
155-->[com.google.firebase:firebase-messaging:23.0.0] AndroidManifest.xml:44:13-37
156            <intent-filter android:priority="-500" >
156-->[:firebase_messaging] AndroidManifest.xml:19:13-21:29
157                <action android:name="com.google.firebase.MESSAGING_EVENT" />
157-->[:firebase_messaging] AndroidManifest.xml:20:17-78
157-->[:firebase_messaging] AndroidManifest.xml:20:25-75
158            </intent-filter>
159        </service>
160        <service
160-->[com.google.android.datatransport:transport-backend-cct:3.0.0] AndroidManifest.xml:29:9-35:19
161            android:name="com.google.android.datatransport.runtime.backends.TransportBackendDiscovery"
161-->[com.google.android.datatransport:transport-backend-cct:3.0.0] AndroidManifest.xml:30:13-103
162            android:exported="false" >
162-->[com.google.android.datatransport:transport-backend-cct:3.0.0] AndroidManifest.xml:31:13-37
163            <meta-data
163-->[com.google.android.datatransport:transport-backend-cct:3.0.0] AndroidManifest.xml:32:13-34:39
164                android:name="backend:com.google.android.datatransport.cct.CctBackendFactory"
164-->[com.google.android.datatransport:transport-backend-cct:3.0.0] AndroidManifest.xml:33:17-94
165                android:value="cct" />
165-->[com.google.android.datatransport:transport-backend-cct:3.0.0] AndroidManifest.xml:34:17-36
166        </service>
167
168        <provider
168-->[com.google.firebase:firebase-common:20.0.0] AndroidManifest.xml:26:9-31:39
169            android:name="com.google.firebase.provider.FirebaseInitProvider"
169-->[com.google.firebase:firebase-common:20.0.0] AndroidManifest.xml:27:13-77
170            android:authorities="com.hastter.daytte.firebaseinitprovider"
170-->[com.google.firebase:firebase-common:20.0.0] AndroidManifest.xml:28:13-72
171            android:directBootAware="true"
171-->[com.google.firebase:firebase-common:20.0.0] AndroidManifest.xml:29:13-43
172            android:exported="false"
172-->[com.google.firebase:firebase-common:20.0.0] AndroidManifest.xml:30:13-37
173            android:initOrder="100" />
173-->[com.google.firebase:firebase-common:20.0.0] AndroidManifest.xml:31:13-36
174
175        <activity
175-->[com.google.android.gms:play-services-base:17.0.0] AndroidManifest.xml:23:9-26:75
176            android:name="com.google.android.gms.common.api.GoogleApiActivity"
176-->[com.google.android.gms:play-services-base:17.0.0] AndroidManifest.xml:24:13-79
177            android:exported="false"
177-->[com.google.android.gms:play-services-base:17.0.0] AndroidManifest.xml:25:13-37
178            android:theme="@android:style/Theme.Translucent.NoTitleBar" />
178-->[com.google.android.gms:play-services-base:17.0.0] AndroidManifest.xml:26:13-72
179
180        <meta-data
180-->[com.google.android.gms:play-services-basement:17.0.0] AndroidManifest.xml:23:9-25:69
181            android:name="com.google.android.gms.version"
181-->[com.google.android.gms:play-services-basement:17.0.0] AndroidManifest.xml:24:13-58
182            android:value="@integer/google_play_services_version" />
182-->[com.google.android.gms:play-services-basement:17.0.0] AndroidManifest.xml:25:13-66
183
184        <service
184-->[com.google.android.datatransport:transport-runtime:3.0.0] AndroidManifest.xml:26:9-30:19
185            android:name="com.google.android.datatransport.runtime.scheduling.jobscheduling.JobInfoSchedulerService"
185-->[com.google.android.datatransport:transport-runtime:3.0.0] AndroidManifest.xml:27:13-117
186            android:exported="false"
186-->[com.google.android.datatransport:transport-runtime:3.0.0] AndroidManifest.xml:28:13-37
187            android:permission="android.permission.BIND_JOB_SERVICE" >
187-->[com.google.android.datatransport:transport-runtime:3.0.0] AndroidManifest.xml:29:13-69
188        </service>
189
190        <receiver
190-->[com.google.android.datatransport:transport-runtime:3.0.0] AndroidManifest.xml:32:9-34:40
191            android:name="com.google.android.datatransport.runtime.scheduling.jobscheduling.AlarmManagerSchedulerBroadcastReceiver"
191-->[com.google.android.datatransport:transport-runtime:3.0.0] AndroidManifest.xml:33:13-132
192            android:exported="false" />
192-->[com.google.android.datatransport:transport-runtime:3.0.0] AndroidManifest.xml:34:13-37
193    </application>
194
195</manifest>